0 info it worked if it ends with ok
1 verbose cli [
1 verbose cli   '/usr/local/bin/node',
1 verbose cli   '/usr/local/bin/npm',
1 verbose cli   'install',
1 verbose cli   'ora@5.4.1',
1 verbose cli   '--save-dev'
1 verbose cli ]
2 info using npm@6.14.13
3 info using node@v14.17.3
4 verbose npm-session a65ffc88d6967b0f
5 silly install loadCurrentTree
6 silly install readLocalPackageData
7 silly fetchPackageMetaData error for ora@5.4.1 request to https://registry.npmjs.org/ora failed, reason: getaddrinfo ENOTFOUND registry.npmjs.org
8 timing stage:rollbackFailedOptional Completed in 1ms
9 timing stage:runTopLevelLifecycles Completed in 479ms
10 verbose type system
11 verbose stack FetchError: request to https://registry.npmjs.org/ora failed, reason: getaddrinfo ENOTFOUND registry.npmjs.org
11 verbose stack     at ClientRequest.<anonymous> (/usr/local/lib/node_modules/npm/node_modules/node-fetch-npm/src/index.js:68:14)
11 verbose stack     at ClientRequest.emit (events.js:375:28)
11 verbose stack     at TLSSocket.socketErrorListener (_http_client.js:475:9)
11 verbose stack     at TLSSocket.emit (events.js:375:28)
11 verbose stack     at emitErrorNT (internal/streams/destroy.js:106:8)
11 verbose stack     at emitErrorCloseNT (internal/streams/destroy.js:74:3)
11 verbose stack     at processTicksAndRejections (internal/process/task_queues.js:82:21)
12 verbose cwd /Users/quangnguyen/ProjectCanhCam/SourceGulpTailwind/Template
13 verbose Darwin 24.6.0
14 verbose argv "/usr/local/bin/node" "/usr/local/bin/npm" "install" "ora@5.4.1" "--save-dev"
15 verbose node v14.17.3
16 verbose npm  v6.14.13
17 error code ENOTFOUND
18 error errno ENOTFOUND
19 error network request to https://registry.npmjs.org/ora failed, reason: getaddrinfo ENOTFOUND registry.npmjs.org
20 error network This is a problem related to network connectivity.
20 error network In most cases you are behind a proxy or have bad network settings.
20 error network
20 error network If you are behind a proxy, please make sure that the
20 error network 'proxy' config is set properly.  See: 'npm help config'
21 verbose exit [ 1, true ]
